<?xml version="1.0" encoding="UTF-8"?>
<!-- Generated by org.testng.reporters.JUnitXMLReporter -->
<testsuite ignored="4" hostname="nb-noh" failures="1" tests="6" name="ValidationTask" time="49.17" errors="0" timestamp="2022-08-22T20:19:55 PKT">
  <testcase classname="ValidateCart" name="womenCategories" time="14.166"/>
  <testcase classname="ValidateCart" name="menCategories" time="14.29"/>
  <testcase classname="ValidateShoppingBag" name="goToShopping" time="3.022"/>
  <testcase classname="ValidateRemoveCart" name="removeCart" time="2.225"/>
  <testcase classname="ValidateHomeNavigation" name="home" time="3.534">
    <failure type="java.lang.AssertionError" message="expected [https://www.tamanna.com/] but found [https://www.tamanna.com/men/overview]">
      <![CDATA[java.lang.AssertionError: expected [https://www.tamanna.com/] but found [https://www.tamanna.com/men/overview]
at ValidateHomeNavigation.home(ValidateHomeNavigation.java:21)
at java.base/java.util.ArrayList.forEach(ArrayList.java:1511)
... Removed 35 stack frames]]>
    </failure>
  </testcase> <!-- home -->
  <testcase classname="ValidateHomeNavigation" name="close" time="0.554"/>
  <testcase classname="BaseClass" name="@BeforeTest navigation" time="0.0">
    <ignored/>
  </testcase> <!-- @BeforeTest navigation -->
  <testcase classname="BaseClass" name="@BeforeTest navigation" time="0.0">
    <ignored/>
  </testcase> <!-- @BeforeTest navigation -->
  <testcase classname="BaseClass" name="@BeforeTest navigation" time="0.0">
    <ignored/>
  </testcase> <!-- @BeforeTest navigation -->
  <testcase classname="BaseClass" name="@BeforeTest navigation" time="0.0">
    <ignored/>
  </testcase> <!-- @BeforeTest navigation -->
</testsuite> <!-- ValidationTask -->
